<?xml version="1.0" encoding="UTF-8"?>
<!-- Generated by org.testng.reporters.JUnitReportReporter -->
<testsuite hostname="DESKTOP-B2QSJ40" failures="0" tests="1" name="com.in28minutes.SeleniumStandAloneTest" time="12.617" errors="0" timestamp="08 Apr 2022 13:30:47 GMT" skipped="0">
  <testcase classname="com.in28minutes.SeleniumStandAloneTest" name="standAlone" time="12.617"/>
</testsuite> <!-- com.in28minutes.SeleniumStandAloneTest -->
